  AmbientLight.cpp
  Bitmap.cpp
  Camera.cpp
  DirectionalLight.cpp
  Framework.cpp
  light.cpp
  Matrix.cpp
  MD2Loader.cpp
  Model.cpp
C:\Users\Xarels\Desktop\Git Hub Projects\RastarizerMD5\Rasteriser\Model.cpp(60,20): warning C4018: '<': signed/unsigned mismatch
C:\Users\Xarels\Desktop\Git Hub Projects\RastarizerMD5\Rasteriser\Model.cpp(68,20): warning C4018: '<': signed/unsigned mismatch
C:\Users\Xarels\Desktop\Git Hub Projects\RastarizerMD5\Rasteriser\Model.cpp(76,20): warning C4018: '<': signed/unsigned mismatch
C:\Users\Xarels\Desktop\Git Hub Projects\RastarizerMD5\Rasteriser\Model.cpp(186,20): warning C4018: '<': signed/unsigned mismatch
  PointLight.cpp
  Polygon3D.cpp
  Rasteriser.cpp
  Vector3D.cpp
  Vertex.cpp
  Generating Code...
  Rasteriser.vcxproj -> C:\Users\Xarels\Desktop\Git Hub Projects\RastarizerMD5\Debug\Rasteriser.exe
